<!DOCTYPE html PUBLIC "-//W3C//DTD XHTML 1.1//EN" "https://www.w3.org/TR/xhtml11/DTD/xhtml11.dtd">
<html xmlns="https://www.w3.org/1999/xhtml">
<head>
<meta charset='utf-8'>
<title>TestNG Report</title>
<style type="text/css">
table {margin-bottom:10px;border-collapse:collapse;empty-cells:show}
td,th {border:1px solid #009;padding:.25em .5em}
.result th {vertical-align:bottom}
.param th {padding-left:1em;padding-right:1em}
.param td {padding-left:.5em;padding-right:2em}
.stripe td,.stripe th {background-color: #E6EBF9}
.numi,.numi_attn {text-align:right}
.total td {font-weight:bold}
.passedodd td {background-color: #0A0}
.passedeven td {background-color: #3F3}
.skippedodd td {background-color: #CCC}
.skippedodd td {background-color: #DDD}
.failedodd td,.numi_attn {background-color: #F33}
.failedeven td,.stripe .numi_attn {background-color: #D00}
.stacktrace {white-space:pre;font-family:monospace}
.totop {font-size:85%;text-align:center;border-bottom:2px solid #000}
</style>
</head>
<body>
<table cellspacing="0" cellpadding="0" class="testOverview">
<tr><th>Test</th><th>Methods<br/>Passed</th><th>Scenarios<br/>Passed</th><th># skipped</th><th># failed</th><th>Total<br/>Time</th><th>Included<br/>Groups</th><th>Excluded<br/>Groups</th></tr>
<tr><td style="text-align:left;padding-right:2em"><a href="#t1">Orangehrm Tests</a></td><td class="numi">2</td><td class="numi">2</td><td class="numi">0</td><td class="numi_attn">4</td><td class="numi">46.2 seconds</td><td class="numi"></td><td class="numi"></td></tr>
</table>
<table cellspacing="0" cellpadding="0" class="methodOverview" id="summary">
<tr><th>Class</th><th>Method</th><th># of<br/>Scenarios</th><th>Start</th><th>Time<br/>(ms)</th></tr>
<tr id="t1"><th colspan="5">Orangehrm Tests &#8212; failed</th></tr>
<tr class="failedodd"><td>com.test.orangehrm.Tests.AdminTest</td><td><a href="#m1"><b>validateTheCreationOfEmployeeMessage</b>  </a></td><td class="numi">1</td><td>1646324906276</td><td class="numi">11522</td></tr>
<tr class="failedeven"><td rowspan="2">com.test.orangehrm.Tests.PimTest</td><td><a href="#m2"><b>ValidatePersonalDetailElement</b>  </a></td><td class="numi">1</td><td>1646324920837</td><td class="numi">3958</td></tr><tr class="failedeven"><td><a href="#m3"><b>ValidateTheCreationOfEmployee</b>  </a></td><td class="numi">1</td><td>1646324927856</td><td class="numi">4053</td></tr>
<tr class="failedodd"><td>com.test.orangehrm.Tests.LoginTest</td><td><a href="#m4"><b>validateLoginNegative1</b>  </a></td><td class="numi">1</td><td>1646324890265</td><td class="numi">1477</td></tr>
<tr><th colspan="5">Orangehrm Tests &#8212; passed</th></tr>
<tr class="passedodd"><td rowspan="2">com.test.orangehrm.Tests.LoginTest</td><td><a href="#m5"><b>validateLoginNegative2</b>  </a></td><td class="numi">1</td><td>1646324894879</td><td class="numi">3266</td></tr><tr class="passedodd"><td><a href="#m6"><b>validateLoginPositive</b>  </a></td><td class="numi">1</td><td>1646324900976</td><td class="numi">2442</td></tr>
</table>
<h1>Orangehrm Tests</h1>
<h2 id="m1">com.test.orangehrm.Tests.AdminTest:validateTheCreationOfEmployeeMessage</h2>
<div>
<div class="stacktrace">java.lang.AssertionError: expected [true] but found [false]
	at com.test.orangehrm.Tests.AdminTest.validateTheCreationOfEmployeeMessage(AdminTest.java:26)
	at java.util.ArrayList.forEach(ArrayList.java:1259)
	at com.intellij.rt.testng.IDEARemoteTestNG.run(IDEARemoteTestNG.java:66)
	at com.intellij.rt.testng.RemoteTestNGStarter.main(RemoteTestNGStarter.java:109)
... Removed 28 stack frames</div>
</div>
<p class="totop"><a href="#summary">back to summary</a></p>
<h2 id="m2">com.test.orangehrm.Tests.LoginTest:validateLoginNegative1</h2>
<div>
<div class="stacktrace">org.openqa.selenium.SessionNotCreatedException: Could not start a new session. Response code 500. Message: unknown error: Chrome failed to start: crashed.
  (chrome not reachable)
  (The process started from chrome location /Applications/Google Chrome.app/Contents/MacOS/Google Chrome is no longer running, so ChromeDriver is assuming that Chrome has crashed.)
Build info: version: &apos;4.0.0&apos;, revision: &apos;3a21814679&apos;
System info: host: &apos;Gheorghes-MacBook-Pro.local&apos;, ip: &apos;fe80:0:0:0:43:d294:10e:6b5b%en0&apos;, os.name: &apos;Mac OS X&apos;, os.arch: &apos;x86_64&apos;, os.version: &apos;10.16&apos;, java.version: &apos;1.8.0_311&apos;
Driver info: org.openqa.selenium.chrome.ChromeDriver
Command: [null, newSession {capabilities=[Capabilities {browserName: chrome, goog:chromeOptions: {args: [], extensions: []}}], desiredCapabilities=Capabilities {browserName: chrome, goog:chromeOptions: {args: [], extensions: []}}}]
	at org.openqa.selenium.remote.ProtocolHandshake.createSession(ProtocolHandshake.java:126)
	at org.openqa.selenium.remote.ProtocolHandshake.createSession(ProtocolHandshake.java:84)
	at org.openqa.selenium.remote.ProtocolHandshake.createSession(ProtocolHandshake.java:62)
	at org.openqa.selenium.remote.HttpCommandExecutor.execute(HttpCommandExecutor.java:156)
	at org.openqa.selenium.remote.service.DriverCommandExecutor.invokeExecute(DriverCommandExecutor.java:164)
	at org.openqa.selenium.remote.service.DriverCommandExecutor.execute(DriverCommandExecutor.java:139)
	at org.openqa.selenium.remote.RemoteWebDriver.execute(RemoteWebDriver.java:559)
	at org.openqa.selenium.remote.RemoteWebDriver.startSession(RemoteWebDriver.java:246)
	at org.openqa.selenium.remote.RemoteWebDriver.&lt;init&gt;(RemoteWebDriver.java:168)
	at org.openqa.selenium.chromium.ChromiumDriver.&lt;init&gt;(ChromiumDriver.java:108)
	at org.openqa.selenium.chrome.ChromeDriver.&lt;init&gt;(ChromeDriver.java:104)
	at org.openqa.selenium.chrome.ChromeDriver.&lt;init&gt;(ChromeDriver.java:91)
	at org.openqa.selenium.chrome.ChromeDriver.&lt;init&gt;(ChromeDriver.java:46)
	at com.test.orangehrm.Tests.LoginTest.validateLoginNegative1(LoginTest.java:23)
	at java.util.ArrayList.forEach(ArrayList.java:1259)
	at com.intellij.rt.testng.IDEARemoteTestNG.run(IDEARemoteTestNG.java:66)
	at com.intellij.rt.testng.RemoteTestNGStarter.main(RemoteTestNGStarter.java:109)
... Removed 24 stack frames</div>
</div>
<p class="totop"><a href="#summary">back to summary</a></p>
<h2 id="m3">com.test.orangehrm.Tests.PimTest:ValidatePersonalDetailElement</h2>
<div>
<div class="stacktrace">org.openqa.selenium.InvalidArgumentException: invalid argument: File not found : /Users/techtorial/Desktop/usa.png
  (Session info: chrome=98.0.4758.109)
Build info: version: &apos;4.0.0&apos;, revision: &apos;3a21814679&apos;
System info: host: &apos;Gheorghes-MacBook-Pro.local&apos;, ip: &apos;fe80:0:0:0:43:d294:10e:6b5b%en0&apos;, os.name: &apos;Mac OS X&apos;, os.arch: &apos;x86_64&apos;, os.version: &apos;10.16&apos;, java.version: &apos;1.8.0_311&apos;
Driver info: org.openqa.selenium.chrome.ChromeDriver
Command: [dd4ba373782b6f64855a98a55173f21e, sendKeysToElement {id=dc68d5f1-e310-4d48-bc97-8d28d28afcf2, value=[Ljava.lang.CharSequence;@54657dd2}]
Capabilities {acceptInsecureCerts: false, browserName: chrome, browserVersion: 98.0.4758.109, chrome: {chromedriverVersion: 98.0.4758.102 (273bf7ac8c90..., userDataDir: /var/folders/q2/jdw_tkgn6yl...}, goog:chromeOptions: {debuggerAddress: localhost:50045}, javascriptEnabled: true, networkConnectionEnabled: false, pageLoadStrategy: normal, platform: MAC, platformName: MAC, proxy: Proxy(), se:cdp: ws://localhost:50045/devtoo..., se:cdpVersion: 98.0.4758.109, setWindowRect: true, strictFileInteractability: false, timeouts: {implicit: 0, pageLoad: 300000, script: 30000}, unhandledPromptBehavior: dismiss and notify, webauthn:extension:credBlob: true, webauthn:extension:largeBlob: true, webauthn:virtualAuthenticators: true}
Element: [[ChromeDriver: chrome on MAC (dd4ba373782b6f64855a98a55173f21e)] -&gt; id: photofile]
Session ID: dd4ba373782b6f64855a98a55173f21e
	at org.openqa.selenium.remote.codec.w3c.W3CHttpResponseCodec.createException(W3CHttpResponseCodec.java:200)
	at org.openqa.selenium.remote.codec.w3c.W3CHttpResponseCodec.decode(W3CHttpResponseCodec.java:133)
	at org.openqa.selenium.remote.codec.w3c.W3CHttpResponseCodec.decode(W3CHttpResponseCodec.java:53)
	at org.openqa.selenium.remote.HttpCommandExecutor.execute(HttpCommandExecutor.java:184)
	at org.openqa.selenium.remote.service.DriverCommandExecutor.invokeExecute(DriverCommandExecutor.java:164)
	at org.openqa.selenium.remote.service.DriverCommandExecutor.execute(DriverCommandExecutor.java:139)
	at org.openqa.selenium.remote.RemoteWebDriver.execute(RemoteWebDriver.java:559)
	at org.openqa.selenium.remote.RemoteWebElement.execute(RemoteWebElement.java:251)
	at org.openqa.selenium.remote.RemoteWebElement.sendKeys(RemoteWebElement.java:107)
	at org.openqa.selenium.support.pagefactory.internal.LocatingElementHandler.invoke(LocatingElementHandler.java:52)
	at com.sun.proxy.$Proxy13.sendKeys(Unknown Source)
	at com.test.orangehrm.Pages.PimPage.addEmployeeForPIM(PimPage.java:73)
	at com.test.orangehrm.Tests.PimTest.ValidatePersonalDetailElement(PimTest.java:35)
	at java.util.ArrayList.forEach(ArrayList.java:1259)
	at com.intellij.rt.testng.IDEARemoteTestNG.run(IDEARemoteTestNG.java:66)
	at com.intellij.rt.testng.RemoteTestNGStarter.main(RemoteTestNGStarter.java:109)
... Removed 32 stack frames</div>
</div>
<p class="totop"><a href="#summary">back to summary</a></p>
<h2 id="m4">com.test.orangehrm.Tests.PimTest:ValidateTheCreationOfEmployee</h2>
<div>
<div class="stacktrace">org.openqa.selenium.InvalidArgumentException: invalid argument: File not found : /Users/techtorial/Desktop/usa.png
  (Session info: chrome=98.0.4758.109)
Build info: version: &apos;4.0.0&apos;, revision: &apos;3a21814679&apos;
System info: host: &apos;Gheorghes-MacBook-Pro.local&apos;, ip: &apos;fe80:0:0:0:43:d294:10e:6b5b%en0&apos;, os.name: &apos;Mac OS X&apos;, os.arch: &apos;x86_64&apos;, os.version: &apos;10.16&apos;, java.version: &apos;1.8.0_311&apos;
Driver info: org.openqa.selenium.chrome.ChromeDriver
Command: [f4b7fc91db7ab4c75811aa4ffd239f56, sendKeysToElement {id=cb2ff43a-4a43-43c3-b066-9937b379ecee, value=[Ljava.lang.CharSequence;@339a3670}]
Capabilities {acceptInsecureCerts: false, browserName: chrome, browserVersion: 98.0.4758.109, chrome: {chromedriverVersion: 98.0.4758.102 (273bf7ac8c90..., userDataDir: /var/folders/q2/jdw_tkgn6yl...}, goog:chromeOptions: {debuggerAddress: localhost:50076}, javascriptEnabled: true, networkConnectionEnabled: false, pageLoadStrategy: normal, platform: MAC, platformName: MAC, proxy: Proxy(), se:cdp: ws://localhost:50076/devtoo..., se:cdpVersion: 98.0.4758.109, setWindowRect: true, strictFileInteractability: false, timeouts: {implicit: 0, pageLoad: 300000, script: 30000}, unhandledPromptBehavior: dismiss and notify, webauthn:extension:credBlob: true, webauthn:extension:largeBlob: true, webauthn:virtualAuthenticators: true}
Element: [[ChromeDriver: chrome on MAC (f4b7fc91db7ab4c75811aa4ffd239f56)] -&gt; id: photofile]
Session ID: f4b7fc91db7ab4c75811aa4ffd239f56
	at org.openqa.selenium.remote.codec.w3c.W3CHttpResponseCodec.createException(W3CHttpResponseCodec.java:200)
	at org.openqa.selenium.remote.codec.w3c.W3CHttpResponseCodec.decode(W3CHttpResponseCodec.java:133)
	at org.openqa.selenium.remote.codec.w3c.W3CHttpResponseCodec.decode(W3CHttpResponseCodec.java:53)
	at org.openqa.selenium.remote.HttpCommandExecutor.execute(HttpCommandExecutor.java:184)
	at org.openqa.selenium.remote.service.DriverCommandExecutor.invokeExecute(DriverCommandExecutor.java:164)
	at org.openqa.selenium.remote.service.DriverCommandExecutor.execute(DriverCommandExecutor.java:139)
	at org.openqa.selenium.remote.RemoteWebDriver.execute(RemoteWebDriver.java:559)
	at org.openqa.selenium.remote.RemoteWebElement.execute(RemoteWebElement.java:251)
	at org.openqa.selenium.remote.RemoteWebElement.sendKeys(RemoteWebElement.java:107)
	at org.openqa.selenium.support.pagefactory.internal.LocatingElementHandler.invoke(LocatingElementHandler.java:52)
	at com.sun.proxy.$Proxy13.sendKeys(Unknown Source)
	at com.test.orangehrm.Pages.PimPage.addEmployeeForPIM(PimPage.java:73)
	at com.test.orangehrm.Tests.PimTest.ValidateTheCreationOfEmployee(PimTest.java:25)
	at java.util.ArrayList.forEach(ArrayList.java:1259)
	at com.intellij.rt.testng.IDEARemoteTestNG.run(IDEARemoteTestNG.java:66)
	at com.intellij.rt.testng.RemoteTestNGStarter.main(RemoteTestNGStarter.java:109)
... Removed 31 stack frames</div>
</div>
<p class="totop"><a href="#summary">back to summary</a></p>
<h2 id="m5">com.test.orangehrm.Tests.LoginTest:validateLoginNegative2</h2>
<p class="totop"><a href="#summary">back to summary</a></p>
<h2 id="m6">com.test.orangehrm.Tests.LoginTest:validateLoginPositive</h2>
<p class="totop"><a href="#summary">back to summary</a></p>
</body></html>
